{"tipo": "listas_precio", "mensaje": "Lista de Precios Base: 50 precios obtenidas"}
{"tipo": "ventas", "mensaje": "50 ventas obtenidos"}
{"tipo": "devoluciones", "mensaje": "50 devoluciones obtenidos"}
{"tipo": "listas_precio", "mensaje": "Lista de Precios Base: 100 precios obtenidas"}
{"tipo": "ventas", "mensaje": "100 ventas obtenidos"}
{"tipo": "documentos", "mensaje": "50 documentos obtenidos"}
{"tipo": "devoluciones", "mensaje": "100 devoluciones obtenidos"}
{"tipo": "listas_precio", "mensaje": "Lista de Precios Base: 150 precios obtenidas"}
{"tipo": "ventas", "mensaje": "150 ventas obtenidos"}
{"tipo": "listas_precio", "mensaje": "Lista de Precios Base: 200 precios obtenidas"}
{"tipo": "devoluciones", "mensaje": "150 devoluciones obtenidos"}
{"tipo": "listas_precio", "mensaje": "Lista de Precios Base: 250 precios obtenidas"}
{"tipo": "ventas", "mensaje": "200 ventas obtenidos"}
{"tipo": "devoluciones", "mensaje": "200 devoluciones obtenidos"}
{"tipo": "documentos", "mensaje": "100 documentos obtenidos"}
{"tipo": "listas_precio", "mensaje": "Lista de Precios Base: 300 precios obtenidas"}
{"tipo": "ventas", "mensaje": "250 ventas obtenidos"}
{"tipo": "devoluciones", "mensaje": "250 devoluciones obtenidos"}
{"tipo": "listas_precio", "mensaje": "Lista de Precios Base: 350 precios obtenidas"}
{"tipo": "ventas", "mensaje": "300 ventas obtenidos"}
{"tipo": "listas_precio", "mensaje": "Lista de Precios Base: 400 precios obtenidas"}
{"tipo": "productos", "mensaje": "50 productos obtenidos"}
{"tipo": "devoluciones", "mensaje": "300 devoluciones obtenidos"}
{"tipo": "ventas", "mensaje": "350 ventas obtenidos"}
{"tipo": "documentos", "mensaje": "150 documentos obtenidos"}
{"tipo": "listas_precio", "mensaje": "Lista de Precios Base: 450 precios obtenidas"}
{"tipo": "ventas", "mensaje": "400 ventas obtenidos"}
{"tipo": "devoluciones", "mensaje": "350 devoluciones obtenidos"}
{"tipo": "listas_precio", "mensaje": "Lista de Precios Base: 500 precios obtenidas"}
{"tipo": "ventas", "mensaje": "450 ventas obtenidos"}
{"tipo": "documentos", "mensaje": "200 documentos obtenidos"}
{"tipo": "listas_precio", "mensaje": "Lista de Precios Base: 550 precios obtenidas"}
{"tipo": "devoluciones", "mensaje": "400 devoluciones obtenidos"}
{"tipo": "listas_precio", "mensaje": "Lista de Precios Base: 600 precios obtenidas"}
{"tipo": "ventas", "mensaje": "500 ventas obtenidos"}
{"tipo": "devoluciones", "mensaje": "450 devoluciones obtenidos"}
{"tipo": "listas_precio", "mensaje": "Lista de Precios Base: 650 precios obtenidas"}
{"tipo": "ventas", "mensaje": "550 ventas obtenidos"}
{"tipo": "documentos", "mensaje": "250 documentos obtenidos"}
{"tipo": "devoluciones", "mensaje": "500 devoluciones obtenidos"}
{"tipo": "listas_precio", "mensaje": "Lista de Precios Base: 700 precios obtenidas"}
{"tipo": "ventas", "mensaje": "600 ventas obtenidos"}
{"tipo": "devoluciones", "mensaje": "550 devoluciones obtenidos"}
{"tipo": "listas_precio", "mensaje": "Lista de Precios Base: 750 precios obtenidas"}
{"tipo": "ventas", "mensaje": "650 ventas obtenidos"}
{"tipo": "productos", "mensaje": "100 productos obtenidos"}
{"tipo": "documentos", "mensaje": "300 documentos obtenidos"}
{"tipo": "listas_precio", "mensaje": "Lista de Precios Base: 800 precios obtenidas"}
{"tipo": "devoluciones", "mensaje": "600 devoluciones obtenidos"}
{"tipo": "ventas", "mensaje": "700 ventas obtenidos"}
{"tipo": "listas_precio", "mensaje": "Lista de Precios Base: 850 precios obtenidas"}
{"tipo": "devoluciones", "mensaje": "650 devoluciones obtenidos"}
{"tipo": "ventas", "mensaje": "750 ventas obtenidos"}
{"tipo": "listas_precio", "mensaje": "Lista de Precios Base: 900 precios obtenidas"}
{"tipo": "documentos", "mensaje": "350 documentos obtenidos"}
{"tipo": "devoluciones", "mensaje": "700 devoluciones obtenidos"}
{"tipo": "listas_precio", "mensaje": "Lista de Precios Base: 950 precios obtenidas"}
{"tipo": "ventas", "mensaje": "800 ventas obtenidos"}
{"tipo": "listas_precio", "mensaje": "Lista de Precios Base: 1000 precios obtenidas"}
{"tipo": "devoluciones", "mensaje": "750 devoluciones obtenidos"}
{"tipo": "ventas", "mensaje": "850 ventas obtenidos"}
{"tipo": "listas_precio", "mensaje": "Lista de Precios Base: 1050 precios obtenidas"}
{"tipo": "ventas", "mensaje": "900 ventas obtenidos"}
{"tipo": "documentos", "mensaje": "400 documentos obtenidos"}
{"tipo": "devoluciones", "mensaje": "800 devoluciones obtenidos"}
{"tipo": "listas_precio", "mensaje": "Lista de Precios Base: 1100 precios obtenidas"}
{"tipo": "ventas", "mensaje": "950 ventas obtenidos"}
{"tipo": "listas_precio", "mensaje": "Lista de Precios Base: 1150 precios obtenidas"}
{"tipo": "devoluciones", "mensaje": "850 devoluciones obtenidos"}
{"tipo": "productos", "mensaje": "150 productos obtenidos"}
{"tipo": "listas_precio", "mensaje": "Lista de Precios Base: 1200 precios obtenidas"}
{"tipo": "ventas", "mensaje": "1000 ventas obtenidos"}
{"tipo": "documentos", "mensaje": "450 documentos obtenidos"}
{"tipo": "devoluciones", "mensaje": "900 devoluciones obtenidos"}
{"tipo": "listas_precio", "mensaje": "Lista de Precios Base: 1250 precios obtenidas"}
{"tipo": "ventas", "mensaje": "1050 ventas obtenidos"}
{"tipo": "listas_precio", "mensaje": "Lista de Precios Base: 1300 precios obtenidas"}
{"tipo": "devoluciones", "mensaje": "950 devoluciones obtenidos"}
{"tipo": "ventas", "mensaje": "1100 ventas obtenidos"}
{"tipo": "listas_precio", "mensaje": "Lista de Precios Base: 1350 precios obtenidas"}
{"tipo": "devoluciones-listo", "mensaje": "Devoluciones \u2705"}
{"tipo": "documentos", "mensaje": "500 documentos obtenidos"}
{"tipo": "ventas", "mensaje": "1150 ventas obtenidos"}
{"tipo": "listas_precio", "mensaje": "Lista de Precios Base: 1400 precios obtenidas"}
{"tipo": "recepciones", "mensaje": "50 recepciones obtenidos"}
